This is pdfTeX, Version 3.14159265-2.6-1.40.16 (MiKTeX 2.9) (preloaded format=pdflatex 2016.4.3)  27 JUL 2017 20:21
entering extended mode
**./AFRL_UW_Report.tex
(AFRL_UW_Report.tex
LaTeX2e <2015/10/01> patch level 2
Babel <3.9n> and hyphenation patterns for 69 languages loaded.
("C:\Program Files (x86)\MiKTeX 2.9\tex\latex\base\article.cls"
Document Class: article 2014/09/29 v1.4h Standard LaTeX document class
("C:\Program Files (x86)\MiKTeX 2.9\tex\latex\base\size12.clo"
File: size12.clo 2014/09/29 v1.4h Standard LaTeX file (size option)
)
\c@part=\count79
\c@section=\count80
\c@subsection=\count81
\c@subsubsection=\count82
\c@paragraph=\count83
\c@subparagraph=\count84
\c@figure=\count85
\c@table=\count86
\abovecaptionskip=\skip41
\belowcaptionskip=\skip42
\bibindent=\dimen102
)
("C:\Program Files (x86)\MiKTeX 2.9\tex\latex\graphics\graphicx.sty"
Package: graphicx 2014/10/28 v1.0g Enhanced LaTeX Graphics (DPC,SPQR)

("C:\Program Files (x86)\MiKTeX 2.9\tex\latex\graphics\keyval.sty"
Package: keyval 2014/10/28 v1.15 key=value parser (DPC)
\KV@toks@=\toks14
)
("C:\Program Files (x86)\MiKTeX 2.9\tex\latex\graphics\graphics.sty"
Package: graphics 2014/10/28 v1.0p Standard LaTeX Graphics (DPC,SPQR)

("C:\Program Files (x86)\MiKTeX 2.9\tex\latex\graphics\trig.sty"
Package: trig 1999/03/16 v1.09 sin cos tan (DPC)
)
("C:\Program Files (x86)\MiKTeX 2.9\tex\latex\00miktex\graphics.cfg"
File: graphics.cfg 2007/01/18 v1.5 graphics configuration of teTeX/TeXLive
)
Package graphics Info: Driver file: pdftex.def on input line 94.

("C:\Program Files (x86)\MiKTeX 2.9\tex\latex\pdftex-def\pdftex.def"
File: pdftex.def 2011/05/27 v0.06d Graphics/color for pdfTeX

("C:\Program Files (x86)\MiKTeX 2.9\tex\generic\oberdiek\infwarerr.sty"
Package: infwarerr 2010/04/08 v1.3 Providing info/warning/error messages (HO)
)
("C:\Program Files (x86)\MiKTeX 2.9\tex\generic\oberdiek\ltxcmds.sty"
Package: ltxcmds 2011/11/09 v1.22 LaTeX kernel commands for general use (HO)
)
\Gread@gobject=\count87
))
\Gin@req@height=\dimen103
\Gin@req@width=\dimen104
)
("C:\Program Files (x86)\MiKTeX 2.9\tex\latex\caption\caption.sty"
Package: caption 2016/02/21 v3.3-144 Customizing captions (AR)

("C:\Program Files (x86)\MiKTeX 2.9\tex\latex\caption\caption3.sty"
Package: caption3 2016/05/22 v1.7-166 caption3 kernel (AR)
Package caption3 Info: TeX engine: e-TeX on input line 67.
\captionmargin=\dimen105
\captionmargin@=\dimen106
\captionwidth=\dimen107
\caption@tempdima=\dimen108
\caption@indent=\dimen109
\caption@parindent=\dimen110
\caption@hangindent=\dimen111
)
\c@ContinuedFloat=\count88
)
("C:\Program Files (x86)\MiKTeX 2.9\tex\latex\geometry\geometry.sty"
Package: geometry 2010/09/12 v5.6 Page Geometry

("C:\Program Files (x86)\MiKTeX 2.9\tex\generic\oberdiek\ifpdf.sty"
Package: ifpdf 2011/01/30 v2.3 Provides the ifpdf switch (HO)
Package ifpdf Info: pdfTeX in PDF mode is detected.
)
("C:\Program Files (x86)\MiKTeX 2.9\tex\generic\oberdiek\ifvtex.sty"
Package: ifvtex 2010/03/01 v1.5 Detect VTeX and its facilities (HO)
Package ifvtex Info: VTeX not detected.
)
("C:\Program Files (x86)\MiKTeX 2.9\tex\generic\ifxetex\ifxetex.sty"
Package: ifxetex 2010/09/12 v0.6 Provides ifxetex conditional
)
\Gm@cnth=\count89
\Gm@cntv=\count90
\c@Gm@tempcnt=\count91
\Gm@bindingoffset=\dimen112
\Gm@wd@mp=\dimen113
\Gm@odd@mp=\dimen114
\Gm@even@mp=\dimen115
\Gm@layoutwidth=\dimen116
\Gm@layoutheight=\dimen117
\Gm@layouthoffset=\dimen118
\Gm@layoutvoffset=\dimen119
\Gm@dimlist=\toks15

("C:\Program Files (x86)\MiKTeX 2.9\tex\latex\geometry\geometry.cfg"))
("C:\Program Files (x86)\MiKTeX 2.9\tex\latex\float\float.sty"
Package: float 2001/11/08 v1.3d Float enhancements (AL)
\c@float@type=\count92
\float@exts=\toks16
\float@box=\box26
\@float@everytoks=\toks17
\@floatcapt=\box27
)
("C:\Program Files (x86)\MiKTeX 2.9\tex\latex\adjustbox\adjustbox.sty"
Package: adjustbox 2012/05/21 v1.0 Adjusting TeX boxes (trim, clip, ...)

("C:\Program Files (x86)\MiKTeX 2.9\tex\latex\xkeyval\xkeyval.sty"
Package: xkeyval 2014/12/03 v2.7a package option processing (HA)

("C:\Program Files (x86)\MiKTeX 2.9\tex\generic\xkeyval\xkeyval.tex"
("C:\Program Files (x86)\MiKTeX 2.9\tex\generic\xkeyval\xkvutils.tex"
\XKV@toks=\toks18
\XKV@tempa@toks=\toks19
)
\XKV@depth=\count93
File: xkeyval.tex 2014/12/03 v2.7a key=value parser (HA)
))
("C:\Program Files (x86)\MiKTeX 2.9\tex\latex\adjustbox\adjcalc.sty"
Package: adjcalc 2012/05/16 v1.1 Provides advanced setlength with multiple back
-ends (calc, etex, pgfmath)
)
("C:\Program Files (x86)\MiKTeX 2.9\tex\latex\adjustbox\trimclip.sty"
Package: trimclip 2012/05/16 v1.0 Trim and clip general TeX material

("C:\Program Files (x86)\MiKTeX 2.9\tex\latex\collectbox\collectbox.sty"
Package: collectbox 2012/05/17 v0.4b Collect macro arguments as boxes
\collectedbox=\box28
)
\tc@llx=\dimen120
\tc@lly=\dimen121
\tc@urx=\dimen122
\tc@ury=\dimen123
Package trimclip Info: Using driver 'tc-pdftex.def'.

("C:\Program Files (x86)\MiKTeX 2.9\tex\latex\adjustbox\tc-pdftex.def"
File: tc-pdftex.def 2012/05/13 v1.0 Clipping driver for pdftex
))
\adjbox@Width=\dimen124
\adjbox@Height=\dimen125
\adjbox@Depth=\dimen126
\adjbox@Totalheight=\dimen127

("C:\Program Files (x86)\MiKTeX 2.9\tex\latex\ifoddpage\ifoddpage.sty"
Package: ifoddpage 2016/04/23 v1.1 Conditionals for odd/even page detection
\c@checkoddpage=\count94
)
("C:\Program Files (x86)\MiKTeX 2.9\tex\latex\ltxmisc\varwidth.sty"
Package: varwidth 2009/03/30 ver 0.92;  Variable-width minipages
\@vwid@box=\box29
\sift@deathcycles=\count95
\@vwid@loff=\dimen128
\@vwid@roff=\dimen129
))
("C:\Program Files (x86)\MiKTeX 2.9\tex\latex\amsmath\amsmath.sty"
Package: amsmath 2013/01/14 v2.14 AMS math features
\@mathmargin=\skip43

For additional information on amsmath, use the `?' option.
("C:\Program Files (x86)\MiKTeX 2.9\tex\latex\amsmath\amstext.sty"
Package: amstext 2000/06/29 v2.01

("C:\Program Files (x86)\MiKTeX 2.9\tex\latex\amsmath\amsgen.sty"
File: amsgen.sty 1999/11/30 v2.0
\@emptytoks=\toks20
\ex@=\dimen130
))
("C:\Program Files (x86)\MiKTeX 2.9\tex\latex\amsmath\amsbsy.sty"
Package: amsbsy 1999/11/29 v1.2d
\pmbraise@=\dimen131
)
("C:\Program Files (x86)\MiKTeX 2.9\tex\latex\amsmath\amsopn.sty"
Package: amsopn 1999/12/14 v2.01 operator names
)
\inf@bad=\count96
LaTeX Info: Redefining \frac on input line 210.
\uproot@=\count97
\leftroot@=\count98
LaTeX Info: Redefining \overline on input line 306.
\classnum@=\count99
\DOTSCASE@=\count100
LaTeX Info: Redefining \ldots on input line 378.
LaTeX Info: Redefining \dots on input line 381.
LaTeX Info: Redefining \cdots on input line 466.
\Mathstrutbox@=\box30
\strutbox@=\box31
\big@size=\dimen132
LaTeX Font Info:    Redeclaring font encoding OML on input line 566.
LaTeX Font Info:    Redeclaring font encoding OMS on input line 567.
\macc@depth=\count101
\c@MaxMatrixCols=\count102
\dotsspace@=\muskip10
\c@parentequation=\count103
\dspbrk@lvl=\count104
\tag@help=\toks21
\row@=\count105
\column@=\count106
\maxfields@=\count107
\andhelp@=\toks22
\eqnshift@=\dimen133
\alignsep@=\dimen134
\tagshift@=\dimen135
\tagwidth@=\dimen136
\totwidth@=\dimen137
\lineht@=\dimen138
\@envbody=\toks23
\multlinegap=\skip44
\multlinetaggap=\skip45
\mathdisplay@stack=\toks24
LaTeX Info: Redefining \[ on input line 2665.
LaTeX Info: Redefining \] on input line 2666.
)
("C:\Program Files (x86)\MiKTeX 2.9\tex\latex\oberdiek\epstopdf.sty"
Package: epstopdf 2010/02/09 v2.5 Conversion with epstopdf on the fly (HO)

("C:\Program Files (x86)\MiKTeX 2.9\tex\latex\oberdiek\epstopdf-base.sty"
Package: epstopdf-base 2010/02/09 v2.5 Base part for package epstopdf

("C:\Program Files (x86)\MiKTeX 2.9\tex\latex\oberdiek\grfext.sty"
Package: grfext 2010/08/19 v1.1 Manage graphics extensions (HO)

("C:\Program Files (x86)\MiKTeX 2.9\tex\generic\oberdiek\kvdefinekeys.sty"
Package: kvdefinekeys 2011/04/07 v1.3 Define keys (HO)
))
("C:\Program Files (x86)\MiKTeX 2.9\tex\latex\oberdiek\kvoptions.sty"
Package: kvoptions 2011/06/30 v3.11 Key value format for package options (HO)

("C:\Program Files (x86)\MiKTeX 2.9\tex\generic\oberdiek\kvsetkeys.sty"
Package: kvsetkeys 2012/04/25 v1.16 Key value parser (HO)

("C:\Program Files (x86)\MiKTeX 2.9\tex\generic\oberdiek\etexcmds.sty"
Package: etexcmds 2011/02/16 v1.5 Avoid name clashes with e-TeX commands (HO)

("C:\Program Files (x86)\MiKTeX 2.9\tex\generic\oberdiek\ifluatex.sty"
Package: ifluatex 2010/03/01 v1.3 Provides the ifluatex switch (HO)
Package ifluatex Info: LuaTeX not detected.
)
Package etexcmds Info: Could not find \expanded.
(etexcmds)             That can mean that you are not using pdfTeX 1.50 or
(etexcmds)             that some package has redefined \expanded.
(etexcmds)             In the latter case, load this package earlier.
)))
("C:\Program Files (x86)\MiKTeX 2.9\tex\generic\oberdiek\pdftexcmds.sty"
Package: pdftexcmds 2011/11/29 v0.20 Utility functions of pdfTeX for LuaTeX (HO
)
Package pdftexcmds Info: LuaTeX not detected.
Package pdftexcmds Info: \pdf@primitive is available.
Package pdftexcmds Info: \pdf@ifprimitive is available.
Package pdftexcmds Info: \pdfdraftmode found.
)
Package grfext Info: Graphics extension search list:
(grfext)             [.png,.pdf,.jpg,.mps,.jpeg,.jbig2,.jb2,.PNG,.PDF,.JPG,.JPE
G,.JBIG2,.JB2,.eps]
(grfext)             \AppendGraphicsExtensions on input line 452.
))
("C:\Program Files (x86)\MiKTeX 2.9\tex\latex\caption\subcaption.sty"
Package: subcaption 2016/05/22 v1.1-161 Sub-captions (AR)
\c@subfigure=\count108
\c@subtable=\count109
)
("C:\Program Files (x86)\MiKTeX 2.9\tex\latex\amsfonts\amssymb.sty"
Package: amssymb 2013/01/14 v3.01 AMS font symbols

("C:\Program Files (x86)\MiKTeX 2.9\tex\latex\amsfonts\amsfonts.sty"
Package: amsfonts 2013/01/14 v3.01 Basic AMSFonts support
\symAMSa=\mathgroup4
\symAMSb=\mathgroup5
LaTeX Font Info:    Overwriting math alphabet `\mathfrak' in version `bold'
(Font)                  U/euf/m/n --> U/euf/b/n on input line 106.
))
("C:\Program Files (x86)\MiKTeX 2.9\tex\latex\listings\listings.sty"
\lst@mode=\count110
\lst@gtempboxa=\box32
\lst@token=\toks25
\lst@length=\count111
\lst@currlwidth=\dimen139
\lst@column=\count112
\lst@pos=\count113
\lst@lostspace=\dimen140
\lst@width=\dimen141
\lst@newlines=\count114
\lst@lineno=\count115
\lst@maxwidth=\dimen142

("C:\Program Files (x86)\MiKTeX 2.9\tex\latex\listings\lstmisc.sty"
File: lstmisc.sty 2015/06/04 1.6 (Carsten Heinz)
\c@lstnumber=\count116
\lst@skipnumbers=\count117
\lst@framebox=\box33
)
("C:\Program Files (x86)\MiKTeX 2.9\tex\latex\listings\listings.cfg"
File: listings.cfg 2015/06/04 1.6 listings configuration
))
Package: listings 2015/06/04 1.6 (Carsten Heinz)

("C:\Program Files (x86)\MiKTeX 2.9\tex\latex\koma-script\scrextend.sty"
Package: scrextend 2017/04/13 v3.23 KOMA-Script package (extend other classes w
ith features of KOMA-Script classes)

("C:\Program Files (x86)\MiKTeX 2.9\tex\latex\koma-script\scrkbase.sty"
Package: scrkbase 2017/04/13 v3.23 KOMA-Script package (KOMA-Script-dependent b
asics and keyval usage)

("C:\Program Files (x86)\MiKTeX 2.9\tex\latex\koma-script\scrbase.sty"
Package: scrbase 2017/04/13 v3.23 KOMA-Script package (KOMA-Script-independent 
basics and keyval usage)

("C:\Program Files (x86)\MiKTeX 2.9\tex\latex\koma-script\scrlfile.sty"
Package: scrlfile 2017/04/13 v3.23 KOMA-Script package (loading files)

Package scrlfile, 2017/04/13 v3.23 KOMA-Script package (loading files)
                  Copyright (C) Markus Kohm

)))
LaTeX Info: Redefining \textsubscript on input line 1298.
) (AFRL_UW_Report.aux)
\openout1 = `AFRL_UW_Report.aux'.

LaTeX Font Info:    Checking defaults for OML/cmm/m/it on input line 16.
LaTeX Font Info:    ... okay on input line 16.
LaTeX Font Info:    Checking defaults for T1/cmr/m/n on input line 16.
LaTeX Font Info:    ... okay on input line 16.
LaTeX Font Info:    Checking defaults for OT1/cmr/m/n on input line 16.
LaTeX Font Info:    ... okay on input line 16.
LaTeX Font Info:    Checking defaults for OMS/cmsy/m/n on input line 16.
LaTeX Font Info:    ... okay on input line 16.
LaTeX Font Info:    Checking defaults for OMX/cmex/m/n on input line 16.
LaTeX Font Info:    ... okay on input line 16.
LaTeX Font Info:    Checking defaults for U/cmr/m/n on input line 16.
LaTeX Font Info:    ... okay on input line 16.

("C:\Program Files (x86)\MiKTeX 2.9\tex\context\base\supp-pdf.mkii"
[Loading MPS to PDF converter (version 2006.09.02).]
\scratchcounter=\count118
\scratchdimen=\dimen143
\scratchbox=\box34
\nofMPsegments=\count119
\nofMParguments=\count120
\everyMPshowfont=\toks26
\MPscratchCnt=\count121
\MPscratchDim=\dimen144
\MPnumerator=\count122
\makeMPintoPDFobject=\count123
\everyMPtoPDFconversion=\toks27
)
Package caption Info: Begin \AtBeginDocument code.
Package caption Info: float package is loaded.
Package caption Info: listings package is loaded.
Package caption Info: End \AtBeginDocument code.

*geometry* driver: auto-detecting
*geometry* detected driver: pdftex
*geometry* verbose mode - [ preamble ] result:
* driver: pdftex
* paper: <default>
* layout: <same size as paper>
* layoutoffset:(h,v)=(0.0pt,0.0pt)
* modes: 
* h-part:(L,W,R)=(54.2025pt, 505.89pt, 54.2025pt)
* v-part:(T,H,B)=(54.2025pt, 686.56499pt, 54.2025pt)
* \paperwidth=614.295pt
* \paperheight=794.96999pt
* \textwidth=505.89pt
* \textheight=686.56499pt
* \oddsidemargin=-18.06749pt
* \evensidemargin=-18.06749pt
* \topmargin=-55.06749pt
* \headheight=12.0pt
* \headsep=25.0pt
* \topskip=12.0pt
* \footskip=30.0pt
* \marginparwidth=44.0pt
* \marginparsep=10.0pt
* \columnsep=10.0pt
* \skip\footins=10.8pt plus 4.0pt minus 2.0pt
* \hoffset=0.0pt
* \voffset=0.0pt
* \mag=1000
* \@twocolumnfalse
* \@twosidefalse
* \@mparswitchfalse
* \@reversemarginfalse
* (1in=72.27pt=25.4mm, 1cm=28.453pt)

\c@lstlisting=\count124
LaTeX Font Info:    Try loading font information for U+msa on input line 21.
("C:\Program Files (x86)\MiKTeX 2.9\tex\latex\amsfonts\umsa.fd"
File: umsa.fd 2013/01/14 v3.01 AMS symbols A
)
LaTeX Font Info:    Try loading font information for U+msb on input line 21.

("C:\Program Files (x86)\MiKTeX 2.9\tex\latex\amsfonts\umsb.fd"
File: umsb.fd 2013/01/14 v3.01 AMS symbols B
)
<uw_logo.png, id=1, 252.945pt x 51.903pt>
File: uw_logo.png Graphic file (type png)
 <use uw_logo.png>
Package pdftex.def Info: uw_logo.png used on input line 25.
(pdftex.def)             Requested size: 252.94499pt x 51.90363pt.

<afrl_logo.png, id=2, 145.29282pt x 145.29282pt>
File: afrl_logo.png Graphic file (type png)
 <use afrl_logo.png>
Package pdftex.def Info: afrl_logo.png used on input line 42.
(pdftex.def)             Requested size: 108.405pt x 108.40622pt.
 [1

{C:/Users/pcout_000/AppData/Local/MiKTeX/2.9/pdftex/config/pdftex.map} <./uw_lo
go.png> <./afrl_logo.png>]
LaTeX Font Info:    Try loading font information for OMS+cmr on input line 64.
 ("C:\Program Files (x86)\MiKTeX 2.9\tex\latex\base\omscmr.fd"
File: omscmr.fd 2014/09/29 v2.5h Standard LaTeX font definitions
)
LaTeX Font Info:    Font shape `OMS/cmr/m/n' in size <12> not available
(Font)              Font shape `OMS/cmsy/m/n' tried instead on input line 64.
 [2] <continuation_allgower.png, id=17, 413.29407pt x 163.3603pt>
File: continuation_allgower.png Graphic file (type png)

<use continuation_allgower.png>
Package pdftex.def Info: continuation_allgower.png used on input line 85.
(pdftex.def)             Requested size: 271.0125pt x 107.12267pt.
 [3 <./continuation_allgower.png>] [4]
<jan13_graph_concept.png, id=27, 876.27374pt x 386.94562pt>
File: jan13_graph_concept.png Graphic file (type png)

<use jan13_graph_concept.png>
Package pdftex.def Info: jan13_graph_concept.png used on input line 157.
(pdftex.def)             Requested size: 433.62pt x 191.48257pt.
 [5 <./jan13_graph_concept.png>]
<jan13_bfd_sn1.png, id=32, 421.575pt x 316.18124pt>
File: jan13_bfd_sn1.png Graphic file (type png)
 <use jan13_bfd_sn1.png>
Package pdftex.def Info: jan13_bfd_sn1.png used on input line 196.
(pdftex.def)             Requested size: 252.94499pt x 189.7102pt.

[6] <jan13_graph_sn1.png, id=36, 403.5075pt x 439.6425pt>
File: jan13_graph_sn1.png Graphic file (type png)

<use jan13_graph_sn1.png>
Package pdftex.def Info: jan13_graph_sn1.png used on input line 206.
(pdftex.def)             Requested size: 198.7425pt x 216.5403pt.

<jan13_graph_sn2.png, id=37, 347.04657pt x 191.21437pt>
File: jan13_graph_sn2.png Graphic file (type png)

<use jan13_graph_sn2.png>
Package pdftex.def Info: jan13_graph_sn2.png used on input line 214.
(pdftex.def)             Requested size: 252.94499pt x 139.37233pt.
 [7 <./jan13_bfd_sn1.png> <./jan13_graph_sn1.png>]
<jan13_bfd_pf1.png, id=43, 421.575pt x 316.18124pt>
File: jan13_bfd_pf1.png Graphic file (type png)
 <use jan13_bfd_pf1.png>
Package pdftex.def Info: jan13_bfd_pf1.png used on input line 230.
(pdftex.def)             Requested size: 252.94499pt x 189.7102pt.

<jan13_graph_pf2.png, id=44, 572.1375pt x 295.1025pt>
File: jan13_graph_pf2.png Graphic file (type png)

<use jan13_graph_pf2.png>
Package pdftex.def Info: jan13_graph_pf2.png used on input line 240.
(pdftex.def)             Requested size: 361.34999pt x 186.38385pt.
 [8 <./jan13_graph_sn2.png> <./jan13_bfd_pf1.png>]
<jan20_graph_sn1.png, id=48, 404.51125pt x 347.2975pt>
File: jan20_graph_sn1.png Graphic file (type png)

<use jan20_graph_sn1.png>
Package pdftex.def Info: jan20_graph_sn1.png used on input line 262.
(pdftex.def)             Requested size: 216.81pt x 186.14412pt.

Overfull \hbox (39.74542pt too wide) in paragraph at lines 262--263
 [][] 
 []

<jan20_graph_sn2.png, id=49, 232.87pt x 367.3725pt>
File: jan20_graph_sn2.png Graphic file (type png)
 <use jan20_graph_sn2.png>
Package pdftex.def Info: jan20_graph_sn2.png used on input line 269.
(pdftex.def)             Requested size: 126.47249pt x 199.52173pt.

[9 <./jan13_graph_pf2.png>]
<jan20_graph_pf1.png, id=54, 524.96124pt x 487.8225pt>
File: jan20_graph_pf1.png Graphic file (type png)

<use jan20_graph_pf1.png>
Package pdftex.def Info: jan20_graph_pf1.png used on input line 281.
(pdftex.def)             Requested size: 271.0125pt x 251.84549pt.

Overfull \hbox (68.65959pt too wide) in paragraph at lines 281--282
 [][] 
 []

<jan20_graph_pf2.png, id=55, 211.79124pt x 226.8475pt>
File: jan20_graph_pf2.png Graphic file (type png)

<use jan20_graph_pf2.png>
Package pdftex.def Info: jan20_graph_pf2.png used on input line 288.
(pdftex.def)             Requested size: 108.405pt x 116.10951pt.
 [10 <./jan20_graph_sn1.png> <./jan20_graph_sn2.png> <./jan20_graph_pf1.png> <.
/jan20_graph_pf2.png>]
<feb10_graph_pf1.png, id=65, 726.715pt x 163.61125pt>
File: feb10_graph_pf1.png Graphic file (type png)

<use feb10_graph_pf1.png>
Package pdftex.def Info: feb10_graph_pf1.png used on input line 317.
(pdftex.def)             Requested size: 361.34999pt x 81.35605pt.
 [11 <./feb10_graph_pf1.png>]
<feb17_graph_pf1.png, id=70, 489.83pt x 427.5975pt>
File: feb17_graph_pf1.png Graphic file (type png)
 <use feb17_graph_pf1.png>
Package pdftex.def Info: feb17_graph_pf1.png used on input line 334.
(pdftex.def)             Requested size: 216.81pt x 189.25919pt.

[12 <./feb17_graph_pf1.png>]
LaTeX Font Info:    Font shape `OMS/cmr/m/n' in size <10> not available
(Font)              Font shape `OMS/cmsy/m/n' tried instead on input line 355.
Missing character: There is no â in font cmr10!
Missing character: There is no € in font cmr10!
Missing character: There is no ™ in font cmr10!
Missing character: There is no â in font cmr10!
Missing character: There is no € in font cmr10!
Missing character: There is no ¦ in font cmr10!
Missing character: There is no â in font cmr10!
Missing character: There is no € in font cmr10!
Missing character: There is no ™ in font cmr10!
 [13]
<feb24_graph_sn1.png, id=80, 555.07375pt x 378.41376pt>
File: feb24_graph_sn1.png Graphic file (type png)

<use feb24_graph_sn1.png>
Package pdftex.def Info: feb24_graph_sn1.png used on input line 396.
(pdftex.def)             Requested size: 216.81pt x 147.80595pt.

Overfull \hbox (14.45709pt too wide) in paragraph at lines 396--397
 [][] 
 []

<feb24_graph_pf1.png, id=81, 634.37pt x 670.505pt>
File: feb24_graph_pf1.png Graphic file (type png)
 <use feb24_graph_pf1.png>
Package pdftex.def Info: feb24_graph_pf1.png used on input line 403.
(pdftex.def)             Requested size: 216.81pt x 229.15549pt.

Overfull \hbox (14.45709pt too wide) in paragraph at lines 403--404
 [][] 
 []

<feb24_graph_tc1.png, id=82, 639.38875pt x 529.98pt>
File: feb24_graph_tc1.png Graphic file (type png)
 <use feb24_graph_tc1.png>
Package pdftex.def Info: feb24_graph_tc1.png used on input line 410.
(pdftex.def)             Requested size: 216.81pt x 179.71368pt.

Overfull \hbox (14.45709pt too wide) in paragraph at lines 410--411
 [][] 
 []


LaTeX Warning: `h' float specifier changed to `ht'.

[14] <mar03_graph_sn1.png, id=86, 555.07375pt x 420.57124pt>
File: mar03_graph_sn1.png Graphic file (type png)

<use mar03_graph_sn1.png>
Package pdftex.def Info: mar03_graph_sn1.png used on input line 433.
(pdftex.def)             Requested size: 271.0125pt x 205.3437pt.

Overfull \hbox (68.65959pt too wide) in paragraph at lines 433--434
 [][] 
 []

<mar03_graph_sn2.png, id=87, 346.29375pt x 418.56375pt>
File: mar03_graph_sn2.png Graphic file (type png)

<use mar03_graph_sn2.png>
Package pdftex.def Info: mar03_graph_sn2.png used on input line 440.
(pdftex.def)             Requested size: 162.6075pt x 196.54614pt.
 [15 <./feb24_graph_sn1.png> <./feb24_graph_pf1.png> <./feb24_graph_tc1.png>] <
mar10_graph_mp1.png, id=94, 963.6pt x 526.96875pt>
File: mar10_graph_mp1.png Graphic file (type png)

<use mar10_graph_mp1.png>
Package pdftex.def Info: mar10_graph_mp1.png used on input line 466.
(pdftex.def)             Requested size: 433.62pt x 237.13374pt.
 [16 <./mar03_graph_sn1.png> <./mar03_graph_sn2.png>]
<mar10_bfd1.png, id=100, 421.575pt x 316.18124pt>
File: mar10_bfd1.png Graphic file (type png)
 <use mar10_bfd1.png>
Package pdftex.def Info: mar10_bfd1.png used on input line 474.
(pdftex.def)             Requested size: 252.94499pt x 189.7102pt.

<mar24_graph_pf1.png, id=101, 526.96875pt x 587.19376pt>
File: mar24_graph_pf1.png Graphic file (type png)

<use mar24_graph_pf1.png>
Package pdftex.def Info: mar24_graph_pf1.png used on input line 489.
(pdftex.def)             Requested size: 180.67499pt x 201.32768pt.

<mar24_graph_pf2.png, id=102, 263.98625pt x 587.19376pt>
File: mar24_graph_pf2.png Graphic file (type png)

<use mar24_graph_pf2.png>
Package pdftex.def Info: mar24_graph_pf2.png used on input line 494.
(pdftex.def)             Requested size: 90.3375pt x 200.93346pt.
 [17 <./mar10_graph_mp1.png> <./mar10_bfd1.png (PNG copy)>] [18 <./mar24_graph_
pf1.png> <./mar24_graph_pf2.png>]
<mar24_graph_mpgen.png, id=112, 783.92876pt x 963.6pt>
File: mar24_graph_mpgen.png Graphic file (type png)

<use mar24_graph_mpgen.png>
Package pdftex.def Info: mar24_graph_mpgen.png used on input line 534.
(pdftex.def)             Requested size: 252.94499pt x 310.91669pt.

Overfull \hbox (50.59209pt too wide) in paragraph at lines 534--535
 [][] 
 []

<mar24_graph_mpfp.png, id=113, 623.32875pt x 759.83875pt>
File: mar24_graph_mpfp.png Graphic file (type png)

<use mar24_graph_mpfp.png>
Package pdftex.def Info: mar24_graph_mpfp.png used on input line 540.
(pdftex.def)             Requested size: 216.81pt x 264.28957pt.

Overfull \hbox (14.45709pt too wide) in paragraph at lines 540--541
 [][] 
 []

[19 <./mar24_graph_mpgen.png> <./mar24_graph_mpfp.png>] [20]
<mar31_graph_mpgen.png, id=125, 963.6pt x 960.58875pt>
File: mar31_graph_mpgen.png Graphic file (type png)

<use mar31_graph_mpgen.png>
Package pdftex.def Info: mar31_graph_mpgen.png used on input line 593.
(pdftex.def)             Requested size: 252.94499pt x 252.15099pt.

Overfull \hbox (50.59209pt too wide) in paragraph at lines 593--594
 [][] 
 []

<mar31_graph_mpfp.png, id=126, 801.99625pt x 764.8575pt>
File: mar31_graph_mpfp.png Graphic file (type png)

<use mar31_graph_mpfp.png>
Package pdftex.def Info: mar31_graph_mpfp.png used on input line 599.
(pdftex.def)             Requested size: 216.81pt x 206.77104pt.

Overfull \hbox (14.45709pt too wide) in paragraph at lines 599--600
 [][] 
 []

<apr07_texgraph_mp1.pdf, id=127, 808.01875pt x 963.99147pt>
File: apr07_texgraph_mp1.pdf Graphic file (type pdf)

<use apr07_texgraph_mp1.pdf>
Package pdftex.def Info: apr07_texgraph_mp1.pdf used on input line 614.
(pdftex.def)             Requested size: 433.62pt x 517.32631pt.
 [21 <./mar31_graph_mpgen.png> <./mar31_graph_mpfp.png>] [22 <./apr07_texgraph_
mp1.pdf>] [23]
<may05_bfd_MD.png, id=170, 421.575pt x 316.18124pt>
File: may05_bfd_MD.png Graphic file (type png)
 <use may05_bfd_MD.png>
Package pdftex.def Info: may05_bfd_MD.png used on input line 662.
(pdftex.def)             Requested size: 252.94499pt x 189.7102pt.

<may05_graph_MD1.pdf, id=171, 549.05125pt x 640.50792pt>
File: may05_graph_MD1.pdf Graphic file (type pdf)

<use may05_graph_MD1.pdf>
Package pdftex.def Info: may05_graph_MD1.pdf used on input line 672.
(pdftex.def)             Requested size: 274.6262pt x 320.38022pt.

<may05_graph_MD2.pdf, id=172, 259.97125pt x 433.73543pt>
File: may05_graph_MD2.pdf Graphic file (type pdf)

<use may05_graph_MD2.pdf>
Package pdftex.def Info: may05_graph_MD2.pdf used on input line 678.
(pdftex.def)             Requested size: 130.08621pt x 217.03262pt.
 [24 <./may05_bfd_MD.png (PNG copy)> <./may05_graph_MD1.pdf> <./may05_graph_MD2
.pdf>]
<may05_graph_MDMP1.pdf, id=230, 1061.9675pt x 1039.07803pt>
File: may05_graph_MDMP1.pdf Graphic file (type pdf)

<use may05_graph_MDMP1.pdf>
Package pdftex.def Info: may05_graph_MDMP1.pdf used on input line 708.
(pdftex.def)             Requested size: 433.62pt x 424.2807pt.

<may05_graph_MDMP2.pdf, id=231, 537.00626pt x 823.27171pt>
File: may05_graph_MDMP2.pdf Graphic file (type pdf)

<use may05_graph_MDMP2.pdf>
Package pdftex.def Info: may05_graph_MDMP2.pdf used on input line 716.
(pdftex.def)             Requested size: 216.81pt x 332.38055pt.
 [25 <./may05_graph_MDMP1.pdf>] [26 <./may05_graph_MDMP2.pdf>] <basinMDMP_11_1.
png, id=289, 551.05875pt x 393.72093pt>
File: basinMDMP_11_1.png Graphic file (type png)

<use basinMDMP_11_1.png>
Package pdftex.def Info: basinMDMP_11_1.png used on input line 745.
(pdftex.def)             Requested size: 267.39877pt x 191.05655pt.
Package epstopdf Info: Source file: <basinMDMP_11_2.eps>
(epstopdf)                    date: 2017-07-26 12:32:28
(epstopdf)                    size: 787605 bytes
(epstopdf)             Output file: <basinMDMP_11_2-eps-converted-to.pdf>
(epstopdf)                    date: 2017-07-26 12:32:28
(epstopdf)                    size: 37274 bytes
(epstopdf)             Command: <epstopdf --outfile=basinMDMP_11_2-eps-converte
d-to.pdf basinMDMP_11_2.eps>
(epstopdf)             \includegraphics on input line 753.
Package epstopdf Info: Output file is already uptodate.

<basinMDMP_11_2-eps-converted-to.pdf, id=290, 421.575pt x 316.18124pt>
File: basinMDMP_11_2-eps-converted-to.pdf Graphic file (type pdf)

<use basinMDMP_11_2-eps-converted-to.pdf>
Package pdftex.def Info: basinMDMP_11_2-eps-converted-to.pdf used on input line
 753.
(pdftex.def)             Requested size: 289.07999pt x 216.81442pt.
Package epstopdf Info: Source file: <Ds11_basin.eps>
(epstopdf)                    date: 2017-07-26 12:32:28
(epstopdf)                    size: 181896 bytes
(epstopdf)             Output file: <Ds11_basin-eps-converted-to.pdf>
(epstopdf)                    date: 2017-07-26 12:32:28
(epstopdf)                    size: 7330 bytes
(epstopdf)             Command: <epstopdf --outfile=Ds11_basin-eps-converted-to
.pdf Ds11_basin.eps>
(epstopdf)             \includegraphics on input line 761.
Package epstopdf Info: Output file is already uptodate.

<Ds11_basin-eps-converted-to.pdf, id=291, 421.575pt x 316.18124pt>
File: Ds11_basin-eps-converted-to.pdf Graphic file (type pdf)

<use Ds11_basin-eps-converted-to.pdf>
Package pdftex.def Info: Ds11_basin-eps-converted-to.pdf used on input line 761
.
(pdftex.def)             Requested size: 289.07999pt x 216.81442pt.
 [27 <./basinMDMP_11_1.png> <./basinMDMP_11_2-eps-converted-to.pdf>] [28 <./Ds1
1_basin-eps-converted-to.pdf>]
<MDMP_graph2.pdf, id=317, 599.23875pt x 811.22672pt>
File: MDMP_graph2.pdf Graphic file (type pdf)
 <use MDMP_graph2.pdf>
Package pdftex.def Info: MDMP_graph2.pdf used on input line 808.
(pdftex.def)             Requested size: 289.07999pt x 391.35255pt.

[29 <./MDMP_graph2.pdf>]
Package epstopdf Info: Source file: <basin_compare.eps>
(epstopdf)                    date: 2017-07-26 12:32:26
(epstopdf)                    size: 815228 bytes
(epstopdf)             Output file: <basin_compare-eps-converted-to.pdf>
(epstopdf)                    date: 2017-07-26 12:32:26
(epstopdf)                    size: 43208 bytes
(epstopdf)             Command: <epstopdf --outfile=basin_compare-eps-converted
-to.pdf basin_compare.eps>
(epstopdf)             \includegraphics on input line 818.
Package epstopdf Info: Output file is already uptodate.

<basin_compare-eps-converted-to.pdf, id=346, 421.575pt x 316.18124pt>
File: basin_compare-eps-converted-to.pdf Graphic file (type pdf)

<use basin_compare-eps-converted-to.pdf>
Package pdftex.def Info: basin_compare-eps-converted-to.pdf used on input line 
818.
(pdftex.def)             Requested size: 325.215pt x 243.9138pt.
Package epstopdf Info: Source file: <basin_MC.eps>
(epstopdf)                    date: 2017-07-26 12:32:28
(epstopdf)                    size: 182479 bytes
(epstopdf)             Output file: <basin_MC-eps-converted-to.pdf>
(epstopdf)                    date: 2017-07-26 12:32:28
(epstopdf)                    size: 7397 bytes
(epstopdf)             Command: <epstopdf --outfile=basin_MC-eps-converted-to.p
df basin_MC.eps>
(epstopdf)             \includegraphics on input line 828.
Package epstopdf Info: Output file is already uptodate.

<basin_MC-eps-converted-to.pdf, id=347, 421.575pt x 316.18124pt>
File: basin_MC-eps-converted-to.pdf Graphic file (type pdf)

<use basin_MC-eps-converted-to.pdf>
Package pdftex.def Info: basin_MC-eps-converted-to.pdf used on input line 828.
(pdftex.def)             Requested size: 227.64894pt x 170.74014pt.
Package epstopdf Info: Source file: <basin_NM.eps>
(epstopdf)                    date: 2017-07-26 12:32:28
(epstopdf)                    size: 262388 bytes
(epstopdf)             Output file: <basin_NM-eps-converted-to.pdf>
(epstopdf)                    date: 2017-07-26 12:32:28
(epstopdf)                    size: 17909 bytes
(epstopdf)             Command: <epstopdf --outfile=basin_NM-eps-converted-to.p
df basin_NM.eps>
(epstopdf)             \includegraphics on input line 833.
Package epstopdf Info: Output file is already uptodate.

<basin_NM-eps-converted-to.pdf, id=348, 421.575pt x 316.18124pt>
File: basin_NM-eps-converted-to.pdf Graphic file (type pdf)

<use basin_NM-eps-converted-to.pdf>
Package pdftex.def Info: basin_NM-eps-converted-to.pdf used on input line 833.
(pdftex.def)             Requested size: 227.64894pt x 170.74014pt.
 [30 <./basin_compare-eps-converted-to.pdf> <./basin_MC-eps-converted-to.pdf> <
./basin_NM-eps-converted-to.pdf>]
Overfull \hbox (2.3751pt too wide) in paragraph at lines 852--853
[]\OT1/cmr/m/n/12 Fixed an is-sue with branch sep-a-ra-tion for multi-dimension
al sys-tems. Pre-vi-ously, only branches
 []

[31]
Package epstopdf Info: Source file: <VDP.eps>
(epstopdf)                    date: 2017-07-26 12:32:28
(epstopdf)                    size: 21434 bytes
(epstopdf)             Output file: <VDP-eps-converted-to.pdf>
(epstopdf)                    date: 2017-07-26 12:32:28
(epstopdf)                    size: 4466 bytes
(epstopdf)             Command: <epstopdf --outfile=VDP-eps-converted-to.pdf VD
P.eps>
(epstopdf)             \includegraphics on input line 895.
Package epstopdf Info: Output file is already uptodate.
 <VDP-eps-converted-to.pdf, id=383, 421.575pt x 316.18124pt>
File: VDP-eps-converted-to.pdf Graphic file (type pdf)

<use VDP-eps-converted-to.pdf>
Package pdftex.def Info: VDP-eps-converted-to.pdf used on input line 895.
(pdftex.def)             Requested size: 289.07999pt x 216.81442pt.
Package epstopdf Info: Source file: <cbt_vdp01.eps>
(epstopdf)                    date: 2017-07-26 12:32:28
(epstopdf)                    size: 286291 bytes
(epstopdf)             Output file: <cbt_vdp01-eps-converted-to.pdf>
(epstopdf)                    date: 2017-07-26 12:32:28
(epstopdf)                    size: 15379 bytes
(epstopdf)             Command: <epstopdf --outfile=cbt_vdp01-eps-converted-to.
pdf cbt_vdp01.eps>
(epstopdf)             \includegraphics on input line 905.
Package epstopdf Info: Output file is already uptodate.

<cbt_vdp01-eps-converted-to.pdf, id=384, 421.575pt x 316.18124pt>
File: cbt_vdp01-eps-converted-to.pdf Graphic file (type pdf)

<use cbt_vdp01-eps-converted-to.pdf>
Package pdftex.def Info: cbt_vdp01-eps-converted-to.pdf used on input line 905.

(pdftex.def)             Requested size: 289.07999pt x 216.81442pt.
 [32 <./VDP-eps-converted-to.pdf>] [33 <./cbt_vdp01-eps-converted-to.pdf>]
Package epstopdf Info: Source file: <cbt_vdp02.eps>
(epstopdf)                    date: 2017-07-26 12:32:28
(epstopdf)                    size: 506644 bytes
(epstopdf)             Output file: <cbt_vdp02-eps-converted-to.pdf>
(epstopdf)                    date: 2017-07-26 12:32:28
(epstopdf)                    size: 74508 bytes
(epstopdf)             Command: <epstopdf --outfile=cbt_vdp02-eps-converted-to.
pdf cbt_vdp02.eps>
(epstopdf)             \includegraphics on input line 945.
Package epstopdf Info: Output file is already uptodate.

<cbt_vdp02-eps-converted-to.pdf, id=397, 421.575pt x 316.18124pt>
File: cbt_vdp02-eps-converted-to.pdf Graphic file (type pdf)

<use cbt_vdp02-eps-converted-to.pdf>
Package pdftex.def Info: cbt_vdp02-eps-converted-to.pdf used on input line 945.

(pdftex.def)             Requested size: 289.07999pt x 216.81442pt.
 [34 <./cbt_vdp02-eps-converted-to.pdf>]
(AFRL_UW_Report.bbl
Underfull \hbox (badness 10000) in paragraph at lines 73--76
[]\OT1/cmr/m/n/12 Kjell Magne Fauske.  dot2tex - a graphviz to la-tex con-verte
r.
 []

) [35] [36] (AFRL_UW_Report.aux) ) 
Here is how much of TeX's memory you used:
 6914 strings out of 493634
 106865 string characters out of 3141303
 194224 words of memory out of 3000000
 10135 multiletter control sequences out of 15000+200000
 15420 words of font info for 60 fonts, out of 3000000 for 9000
 1025 hyphenation exceptions out of 8191
 42i,16n,77p,1612b,1468s stack positions out of 5000i,500n,10000p,200000b,50000s
<C:/Program Files (x86)/MiKTeX 2.9/fonts/type
1/public/amsfonts/cm/cmbx10.pfb><C:/Program Files (x86)/MiKTeX 2.9/fonts/type1/
public/amsfonts/cm/cmbx12.pfb><C:/Program Files (x86)/MiKTeX 2.9/fonts/type1/pu
blic/amsfonts/cm/cmex10.pfb><C:/Program Files (x86)/MiKTeX 2.9/fonts/type1/publ
ic/amsfonts/cm/cmmi10.pfb><C:/Program Files (x86)/MiKTeX 2.9/fonts/type1/public
/amsfonts/cm/cmmi12.pfb><C:/Program Files (x86)/MiKTeX 2.9/fonts/type1/public/a
msfonts/cm/cmmi8.pfb><C:/Program Files (x86)/MiKTeX 2.9/fonts/type1/public/amsf
onts/cm/cmr10.pfb><C:/Program Files (x86)/MiKTeX 2.9/fonts/type1/public/amsfont
s/cm/cmr12.pfb><C:/Program Files (x86)/MiKTeX 2.9/fonts/type1/public/amsfonts/c
m/cmr17.pfb><C:/Program Files (x86)/MiKTeX 2.9/fonts/type1/public/amsfonts/cm/c
mr7.pfb><C:/Program Files (x86)/MiKTeX 2.9/fonts/type1/public/amsfonts/cm/cmr8.
pfb><C:/Program Files (x86)/MiKTeX 2.9/fonts/type1/public/amsfonts/cm/cmsy10.pf
b><C:/Program Files (x86)/MiKTeX 2.9/fonts/type1/public/amsfonts/cm/cmsy8.pfb><
C:/Program Files (x86)/MiKTeX 2.9/fonts/type1/public/amsfonts/cm/cmti12.pfb><C:
/Program Files (x86)/MiKTeX 2.9/fonts/type1/public/amsfonts/cm/cmtt12.pfb><C:/P
rogram Files (x86)/MiKTeX 2.9/fonts/type1/public/amsfonts/symbols/msbm10.pfb>
Output written on AFRL_UW_Report.pdf (36 pages, 1367386 bytes).
PDF statistics:
 452 PDF objects out of 1000 (max. 8388607)
 0 named destinations out of 1000 (max. 500000)
 221 words of extra memory for PDF output out of 10000 (max. 10000000)

